<?xml version="1.0" encoding="UTF-8"?>
<!-- Generated by org.testng.reporters.JUnitXMLReporter -->
<testsuite ignored="6" hostname="Sanjay-Kumar" failures="1" tests="1" name="Smoke Test" time="0.073" errors="0" timestamp="2024-09-05T10:15:14 IST">
  <testcase classname="com.mystore.testcases.TC0101_LoginPage_ValidLogin" name="verifyCorrectLogin" time="0.026">
    <failure type="java.lang.NullPointerException" message="Cannot invoke &amp;quot;org.openqa.selenium.SearchContext.findElement(org.openqa.selenium.By)&amp;quot; because &amp;quot;this.searchContext&amp;quot; is null">
      <![CDATA[java.lang.NullPointerException: Cannot invoke "org.openqa.selenium.SearchContext.findElement(org.openqa.selenium.By)" because "this.searchContext" is null
at org.openqa.selenium.support.pagefactory.DefaultElementLocator.findElement(DefaultElementLocator.java:68)
at org.openqa.selenium.support.pagefactory.internal.LocatingElementHandler.invoke(LocatingElementHandler.java:38)
at jdk.proxy2/jdk.proxy2.$Proxy12.click(Unknown Source)
at com.mystore.pageobject.HomePage.clickOnLogin(HomePage.java:28)
at com.mystore.testcases.TC0101_LoginPage_ValidLogin.verifyCorrectLogin(TC0101_LoginPage_ValidLogin.java:18)
at java.base/java.util.ArrayList.forEach(ArrayList.java:1511)
... Removed 27 stack frames]]>
    </failure>
  </testcase> <!-- verifyCorrectLogin -->
  <testcase classname="com.mystore.testcases.TC02_LoginPage_DataDriven" name="verifyCorrectLogin" time="0.0">
    <ignored/>
  </testcase> <!-- verifyCorrectLogin -->
  <testcase classname="com.mystore.testcases.TC03_ProductPage" name="productSearchPage" time="0.0">
    <ignored/>
  </testcase> <!-- productSearchPage -->
  <testcase classname="com.mystore.testcases.TC05_AddProductNoLogin" name="addProductWithoutLogin" time="0.0">
    <ignored/>
  </testcase> <!-- addProductWithoutLogin -->
  <testcase classname="com.mystore.testcases.TC04_AddProductCart" name="productAddToCartAndPayment" time="0.0">
    <ignored/>
  </testcase> <!-- productAddToCartAndPayment -->
  <testcase classname="com.mystore.testcases.TC01_LoginPage" name="Singnup_login" time="0.0">
    <ignored/>
  </testcase> <!-- Singnup_login -->
  <testcase classname="com.mystore.testcases.TC0102_LoginPage_InvalidLogin" name="verifyInvalidEmailLogin" time="0.0">
    <ignored/>
  </testcase> <!-- verifyInvalidEmailLogin -->
</testsuite> <!-- Smoke Test -->
